\BOOKMARK [1][-]{section.1}{\376\377\000I\000n\000t\000r\000o\000d\000u\000c\000t\000i\000o\000n}{}% 1
\BOOKMARK [1][-]{section.2}{\376\377\000G\000e\000t\000t\000i\000n\000g\000\040\000S\000t\000a\000r\000t\000e\000d}{}% 2
\BOOKMARK [2][-]{subsection.2.1}{\376\377\000A\000c\000c\000e\000s\000s\000i\000n\000g\000\040\000t\000h\000e\000\040\000W\000e\000b\000s\000i\000t\000e}{section.2}% 3
\BOOKMARK [2][-]{subsection.2.2}{\376\377\000U\000s\000e\000r\000\040\000R\000o\000l\000e\000s\000\040\000a\000n\000d\000\040\000A\000c\000c\000o\000u\000n\000t\000\040\000C\000r\000e\000a\000t\000i\000o\000n}{section.2}% 4
\BOOKMARK [2][-]{subsection.2.3}{\376\377\000F\000i\000r\000s\000t\000-\000T\000i\000m\000e\000\040\000S\000e\000t\000u\000p\000\040\000\050\000F\000o\000r\000\040\000O\000y\000a\000k\000a\000t\000a\000s\000a\000m\000a\000/\000A\000d\000m\000i\000n\000\051}{section.2}% 5
\BOOKMARK [2][-]{subsection.2.4}{\376\377\000A\000d\000d\000i\000n\000g\000\040\000T\000e\000a\000m\000\040\000M\000e\000m\000b\000e\000r\000s\000\040\000\050\000F\000o\000r\000\040\000O\000y\000a\000k\000a\000t\000a\000s\000a\000m\000a\000\051}{section.2}% 6
\BOOKMARK [2][-]{subsection.2.5}{\376\377\000L\000o\000g\000i\000n\000\040\000\050\000F\000o\000r\000\040\000H\000a\000s\000h\000i\000r\000a\000\040\000a\000n\000d\000\040\000G\000o\000o\000n\000s\000\051}{section.2}% 7
\BOOKMARK [1][-]{section.3}{\376\377\000M\000a\000i\000n\000\040\000F\000e\000a\000t\000u\000r\000e\000s}{}% 8
\BOOKMARK [2][-]{subsection.3.1}{\376\377\000S\000i\000d\000e\000b\000a\000r\000\040\000N\000a\000v\000i\000g\000a\000t\000i\000o\000n}{section.3}% 9
\BOOKMARK [2][-]{subsection.3.2}{\376\377\000D\000a\000s\000h\000b\000o\000a\000r\000d}{section.3}% 10
\BOOKMARK [2][-]{subsection.3.3}{\376\377\000T\000e\000a\000m\000\040\000M\000a\000n\000a\000g\000e\000m\000e\000n\000t}{section.3}% 11
\BOOKMARK [2][-]{subsection.3.4}{\376\377\000T\000a\000s\000k\000\040\000M\000a\000n\000a\000g\000e\000m\000e\000n\000t}{section.3}% 12
\BOOKMARK [3][-]{subsubsection.3.4.1}{\376\377\000C\000r\000e\000a\000t\000i\000n\000g\000\040\000T\000a\000s\000k\000s\000\040\000\050\000F\000o\000r\000\040\000H\000a\000s\000h\000i\000r\000a\000\040\000a\000n\000d\000\040\000O\000y\000a\000k\000a\000t\000a\000s\000a\000m\000a\000\051}{subsection.3.4}% 13
\BOOKMARK [3][-]{subsubsection.3.4.2}{\376\377\000A\000c\000c\000e\000p\000t\000i\000n\000g\000\040\000T\000a\000s\000k\000s\000\040\000\050\000F\000o\000r\000\040\000A\000l\000l\000\040\000U\000s\000e\000r\000s\000\051}{subsection.3.4}% 14
\BOOKMARK [3][-]{subsubsection.3.4.3}{\376\377\000C\000o\000m\000p\000l\000e\000t\000i\000n\000g\000\040\000T\000a\000s\000k\000s\000\040\000\050\000F\000o\000r\000\040\000T\000a\000s\000k\000\040\000A\000s\000s\000i\000g\000n\000e\000e\000\051}{subsection.3.4}% 15
\BOOKMARK [3][-]{subsubsection.3.4.4}{\376\377\000R\000e\000v\000i\000e\000w\000i\000n\000g\000\040\000T\000a\000s\000k\000s\000\040\000\050\000F\000o\000r\000\040\000T\000a\000s\000k\000\040\000C\000r\000e\000a\000t\000o\000r\000\051}{subsection.3.4}% 16
\BOOKMARK [3][-]{subsubsection.3.4.5}{\376\377\000V\000i\000e\000w\000i\000n\000g\000\040\000U\000p\000d\000a\000t\000e\000d\000\040\000B\000a\000l\000a\000n\000c\000e}{subsection.3.4}% 17
\BOOKMARK [3][-]{subsubsection.3.4.6}{\376\377\000T\000a\000s\000k\000\040\000W\000o\000r\000k\000f\000l\000o\000w\000\040\000S\000u\000m\000m\000a\000r\000y}{subsection.3.4}% 18
\BOOKMARK [2][-]{subsection.3.5}{\376\377\000N\000o\000t\000i\000f\000i\000c\000a\000t\000i\000o\000n\000s}{section.3}% 19
\BOOKMARK [2][-]{subsection.3.6}{\376\377\000U\000s\000e\000r\000\040\000P\000r\000o\000f\000i\000l\000e}{section.3}% 20
\BOOKMARK [2][-]{subsection.3.7}{\376\377\000T\000h\000e\000m\000e\000\040\000T\000o\000g\000g\000l\000e}{section.3}% 21
\BOOKMARK [2][-]{subsection.3.8}{\376\377\000L\000o\000g\000o\000u\000t}{section.3}% 22
\BOOKMARK [1][-]{section.4}{\376\377\000T\000i\000p\000s\000\040\000a\000n\000d\000\040\000T\000r\000o\000u\000b\000l\000e\000s\000h\000o\000o\000t\000i\000n\000g}{}% 23
\BOOKMARK [1][-]{section.5}{\376\377\000S\000e\000c\000u\000r\000i\000t\000y\000\040\000B\000e\000s\000t\000\040\000P\000r\000a\000c\000t\000i\000c\000e\000s}{}% 24
\BOOKMARK [1][-]{section.6}{\376\377\000C\000o\000n\000t\000a\000c\000t\000\040\000a\000n\000d\000\040\000S\000u\000p\000p\000o\000r\000t}{}% 25
